2026-06-05T01:30:59.138Z [INFO ] Loading wallet…
2026-06-05T01:30:59.245Z [INFO ] Wallet loaded: F3zJDCAaxvuF31spte7wmvL1odaKzAR9dJbpnbSfRxsW
2026-06-05T01:30:59.397Z [INFO ] [stack] Network: devnet
2026-06-05T01:30:59.398Z [INFO ] [stack] Payer:   F3zJDCAaxvuF...RxsW
2026-06-05T01:30:59.399Z [INFO ] [stream] Connecting to Yellowstone (attempt 1)…
2026-06-05T01:30:59.709Z [WARN ] [stream] Connection lost: failed to open subscribe stream
2026-06-05T01:30:59.710Z [WARN ] [stream] Yellowstone stream terminated: Error: failed to open subscribe stream
2026-06-05T01:31:00.919Z [WARN ] [tip-oracle] No live fee data available — using conservative floor values. This is normal on quiet devnet periods.
2026-06-05T01:31:01.151Z [  AI ] [agent] Tip decision {"tip":2000,"confidence":"0.90","reasoning":"Using p50 as baseline due to normal network conditions and no previous outcome."}
2026-06-05T01:31:01.174Z [INFO ] [stack] Bundle built {"blockhash":"Fo5nJctSLpm6…","tip":2000,"tipAcct":"96gYZGLn...rZU5"}
2026-06-05T01:31:01.973Z [  OK ] [stack] Real devnet tx confirmed {"sig":"rRnhpT7J...zsV5"}
2026-06-05T01:31:01.981Z [INFO ] [submitter] Sending bundle to Jito block engine {"tip":2000,"sig":"TCne43r1...DQ==","slot":0}
2026-06-05T01:31:02.183Z [ERROR] [submitter] Bundle submission threw {"failure":"UNKNOWN","message":"getaddrinfo ENOTFOUND devnet.block-engine.jito.wtf"}
2026-06-05T01:31:02.185Z [INFO ] [tracker] Tracking lifecycle {"sig":"rRnhpT7J...zsV5"}
2026-06-05T01:31:02.213Z [INFO ] [tracker] → processed {"slot":467217664,"latency":"232ms"}
2026-06-05T01:31:02.234Z [  OK ] [tracker] → confirmed {"slot":467217664,"latency":"21ms","delta_processed_confirmed":"21ms"}
2026-06-05T01:31:14.397Z [  OK ] [tracker] → finalized {"slot":467217664,"latency":"12163ms"}
2026-06-05T01:31:17.423Z [WARN ] [tip-oracle] No live fee data available — using conservative floor values. This is normal on quiet devnet periods.
2026-06-05T01:31:17.624Z [  AI ] [agent] Tip decision {"tip":2000,"confidence":"0.90","reasoning":"Using p50 as baseline due to normal network conditions and no previous outcome."}
2026-06-05T01:31:17.632Z [INFO ] [stack] Bundle built {"blockhash":"Fo5nJctSLpm6…","tip":2000,"tipAcct":"ADaUMid9...aS49"}
2026-06-05T01:31:18.145Z [  OK ] [stack] Real devnet tx confirmed {"sig":"4hcmuc6i...nqDx"}
2026-06-05T01:31:18.146Z [INFO ] [submitter] Sending bundle to Jito block engine {"tip":2000,"sig":"VWSwIeFw...Ag==","slot":0}
2026-06-05T01:31:18.210Z [ERROR] [submitter] Bundle submission threw {"failure":"UNKNOWN","message":"getaddrinfo ENOTFOUND devnet.block-engine.jito.wtf"}
2026-06-05T01:31:18.212Z [INFO ] [tracker] Tracking lifecycle {"sig":"4hcmuc6i...nqDx"}
2026-06-05T01:31:18.224Z [INFO ] [tracker] → processed {"slot":467217707,"latency":"78ms"}
2026-06-05T01:31:18.246Z [  OK ] [tracker] → confirmed {"slot":467217707,"latency":"22ms","delta_processed_confirmed":"22ms"}
2026-06-05T01:31:30.418Z [  OK ] [tracker] → finalized {"slot":467217707,"latency":"12172ms"}
2026-06-05T01:31:33.434Z [WARN ] [tip-oracle] No live fee data available — using conservative floor values. This is normal on quiet devnet periods.
2026-06-05T01:31:33.694Z [  AI ] [agent] Tip decision {"tip":2000,"confidence":"0.80","reasoning":"Using p50 as baseline due to normal network conditions and no previous submission context."}
2026-06-05T01:31:33.703Z [INFO ] [stack] Bundle built {"blockhash":"Fo5nJctSLpm6…","tip":2000,"tipAcct":"HFqU5x63...7gRe"}
2026-06-05T01:31:34.277Z [  OK ] [stack] Real devnet tx confirmed {"sig":"4MHAyhJ3...Rw2U"}
2026-06-05T01:31:34.278Z [INFO ] [submitter] Sending bundle to Jito block engine {"tip":2000,"sig":"Ur3PH02Y...CA==","slot":0}
2026-06-05T01:31:34.321Z [ERROR] [submitter] Bundle submission threw {"failure":"UNKNOWN","message":"getaddrinfo ENOTFOUND devnet.block-engine.jito.wtf"}
2026-06-05T01:31:34.322Z [INFO ] [tracker] Tracking lifecycle {"sig":"4MHAyhJ3...Rw2U"}
2026-06-05T01:31:34.331Z [INFO ] [tracker] → processed {"slot":467217749,"latency":"53ms"}
2026-06-05T01:31:34.348Z [  OK ] [tracker] → confirmed {"slot":467217749,"latency":"17ms","delta_processed_confirmed":"17ms"}
2026-06-05T01:31:46.632Z [  OK ] [tracker] → finalized {"slot":467217749,"latency":"12284ms"}
2026-06-05T01:31:49.648Z [WARN ] [tip-oracle] No live fee data available — using conservative floor values. This is normal on quiet devnet periods.
2026-06-05T01:31:49.835Z [  AI ] [agent] Tip decision {"tip":2000,"confidence":"0.90","reasoning":"Using p50 as baseline due to normal network conditions and no previous outcome."}
2026-06-05T01:31:49.841Z [INFO ] [stack] Bundle built {"blockhash":"Fo5nJctSLpm6…","tip":2000,"tipAcct":"ADaUMid9...aS49"}
2026-06-05T01:31:50.609Z [  OK ] [stack] Real devnet tx confirmed {"sig":"4mQmC42g...cjh2"}
2026-06-05T01:31:50.610Z [INFO ] [submitter] Sending bundle to Jito block engine {"tip":2000,"sig":"VWSwIeFw...Ag==","slot":0}
2026-06-05T01:31:50.656Z [ERROR] [submitter] Bundle submission threw {"failure":"UNKNOWN","message":"getaddrinfo ENOTFOUND devnet.block-engine.jito.wtf"}
2026-06-05T01:31:50.656Z [INFO ] [tracker] Tracking lifecycle {"sig":"4mQmC42g...cjh2"}
2026-06-05T01:31:50.702Z [INFO ] [tracker] → processed {"slot":467217792,"latency":"92ms"}
2026-06-05T01:31:50.721Z [  OK ] [tracker] → confirmed {"slot":467217792,"latency":"18ms","delta_processed_confirmed":"18ms"}
2026-06-05T01:32:02.889Z [  OK ] [tracker] → finalized {"slot":467217792,"latency":"12169ms"}
2026-06-05T01:32:05.904Z [WARN ] [tip-oracle] No live fee data available — using conservative floor values. This is normal on quiet devnet periods.
2026-06-05T01:32:06.126Z [  AI ] [agent] Tip decision {"tip":2000,"confidence":"0.90","reasoning":"Using p50 as baseline due to normal network conditions and no previous outcome."}
2026-06-05T01:32:06.133Z [INFO ] [stack] Bundle built {"blockhash":"Fo5nJctSLpm6…","tip":2000,"tipAcct":"HFqU5x63...7gRe"}
2026-06-05T01:32:06.546Z [  OK ] [stack] Real devnet tx confirmed {"sig":"5e1Y38Lo...7uGP"}
2026-06-05T01:32:06.547Z [INFO ] [submitter] Sending bundle to Jito block engine {"tip":2000,"sig":"Ur3PH02Y...CA==","slot":0}
2026-06-05T01:32:06.583Z [ERROR] [submitter] Bundle submission threw {"failure":"UNKNOWN","message":"getaddrinfo ENOTFOUND devnet.block-engine.jito.wtf"}
2026-06-05T01:32:06.583Z [INFO ] [tracker] Tracking lifecycle {"sig":"5e1Y38Lo...7uGP"}
2026-06-05T01:32:06.593Z [INFO ] [tracker] → processed {"slot":467217834,"latency":"46ms"}
2026-06-05T01:32:06.611Z [  OK ] [tracker] → confirmed {"slot":467217834,"latency":"18ms","delta_processed_confirmed":"18ms"}
2026-06-05T01:32:18.787Z [  OK ] [tracker] → finalized {"slot":467217834,"latency":"12176ms"}
2026-06-05T01:32:21.802Z [WARN ] [tip-oracle] No live fee data available — using conservative floor values. This is normal on quiet devnet periods.
2026-06-05T01:32:22.017Z [  AI ] [agent] Tip decision {"tip":2000,"confidence":"0.90","reasoning":"Using p50 as baseline due to normal network conditions and no previous outcome."}
2026-06-05T01:32:22.035Z [INFO ] [stack] Bundle built {"blockhash":"Fo5nJctSLpm6…","tip":2000,"tipAcct":"96gYZGLn...rZU5"}
2026-06-05T01:32:22.571Z [  OK ] [stack] Real devnet tx confirmed {"sig":"29YcwiND...dm1V"}
2026-06-05T01:32:22.572Z [INFO ] [submitter] Sending bundle to Jito block engine {"tip":2000,"sig":"TCne43r1...DQ==","slot":0}
2026-06-05T01:32:22.599Z [ERROR] [submitter] Bundle submission threw {"failure":"UNKNOWN","message":"getaddrinfo ENOTFOUND devnet.block-engine.jito.wtf"}
2026-06-05T01:32:22.599Z [INFO ] [tracker] Tracking lifecycle {"sig":"29YcwiND...dm1V"}
2026-06-05T01:32:22.609Z [INFO ] [tracker] → processed {"slot":467217876,"latency":"37ms"}
2026-06-05T01:32:22.626Z [  OK ] [tracker] → confirmed {"slot":467217876,"latency":"17ms","delta_processed_confirmed":"17ms"}
2026-06-05T01:32:34.786Z [  OK ] [tracker] → finalized {"slot":467217876,"latency":"12160ms"}
2026-06-05T01:32:37.803Z [WARN ] [tip-oracle] No live fee data available — using conservative floor values. This is normal on quiet devnet periods.
2026-06-05T01:32:38.004Z [  AI ] [agent] Tip decision {"tip":2000,"confidence":"0.80","reasoning":"Using p50 as baseline due to normal network conditions and no previous submission context."}
2026-06-05T01:32:38.010Z [INFO ] [stack] Bundle built {"blockhash":"Fo5nJctSLpm6…","tip":2000,"tipAcct":"Cw8CFyM9...vLkY"}
2026-06-05T01:32:38.398Z [  OK ] [stack] Real devnet tx confirmed {"sig":"5yncj26N...fS4T"}
2026-06-05T01:32:38.398Z [INFO ] [submitter] Sending bundle to Jito block engine {"tip":2000,"sig":"SV6b+2SO...Dw==","slot":0}
2026-06-05T01:32:38.418Z [ERROR] [submitter] Bundle submission threw {"failure":"UNKNOWN","message":"getaddrinfo ENOTFOUND devnet.block-engine.jito.wtf"}
2026-06-05T01:32:38.419Z [INFO ] [tracker] Tracking lifecycle {"sig":"5yncj26N...fS4T"}
2026-06-05T01:32:38.428Z [INFO ] [tracker] → processed {"slot":467217918,"latency":"30ms"}
2026-06-05T01:32:38.446Z [  OK ] [tracker] → confirmed {"slot":467217918,"latency":"18ms","delta_processed_confirmed":"18ms"}
2026-06-05T01:32:50.644Z [  OK ] [tracker] → finalized {"slot":467217918,"latency":"12198ms"}
2026-06-05T01:32:53.660Z [WARN ] [tip-oracle] No live fee data available — using conservative floor values. This is normal on quiet devnet periods.
2026-06-05T01:32:53.841Z [  AI ] [agent] Tip decision {"tip":2000,"confidence":"0.80","reasoning":"Using p50 as baseline due to normal network conditions and no previous outcome."}
2026-06-05T01:32:53.846Z [INFO ] [stack] Bundle built {"blockhash":"Fo5nJctSLpm6…","tip":2000,"tipAcct":"ADaUMid9...aS49"}
2026-06-05T01:32:54.531Z [  OK ] [stack] Real devnet tx confirmed {"sig":"3Qu8pFXq...GbCG"}
2026-06-05T01:32:54.532Z [INFO ] [submitter] Sending bundle to Jito block engine {"tip":2000,"sig":"VWSwIeFw...Ag==","slot":0}
2026-06-05T01:32:54.551Z [ERROR] [submitter] Bundle submission threw {"failure":"UNKNOWN","message":"getaddrinfo ENOTFOUND devnet.block-engine.jito.wtf"}
2026-06-05T01:32:54.551Z [INFO ] [tracker] Tracking lifecycle {"sig":"3Qu8pFXq...GbCG"}
2026-06-05T01:32:54.561Z [INFO ] [tracker] → processed {"slot":467217960,"latency":"29ms"}
2026-06-05T01:32:54.578Z [  OK ] [tracker] → confirmed {"slot":467217960,"latency":"17ms","delta_processed_confirmed":"17ms"}
2026-06-05T01:33:06.780Z [  OK ] [tracker] → finalized {"slot":467217960,"latency":"12202ms"}
2026-06-05T01:33:09.799Z [WARN ] [tip-oracle] No live fee data available — using conservative floor values. This is normal on quiet devnet periods.
2026-06-05T01:33:10.006Z [  AI ] [agent] Tip decision {"tip":2000,"confidence":"0.80","reasoning":"Using p50 as baseline due to normal network conditions and no previous submission context."}
2026-06-05T01:33:10.013Z [INFO ] [stack] Bundle built {"blockhash":"Fo5nJctSLpm6…","tip":2000,"tipAcct":"ADaUMid9...aS49"}
2026-06-05T01:33:10.461Z [  OK ] [stack] Real devnet tx confirmed {"sig":"Lo7bSpiR...n9SG"}
2026-06-05T01:33:10.462Z [INFO ] [submitter] Sending bundle to Jito block engine {"tip":2000,"sig":"VWSwIeFw...Ag==","slot":0}
2026-06-05T01:33:10.480Z [ERROR] [submitter] Bundle submission threw {"failure":"UNKNOWN","message":"getaddrinfo ENOTFOUND devnet.block-engine.jito.wtf"}
2026-06-05T01:33:10.480Z [INFO ] [tracker] Tracking lifecycle {"sig":"Lo7bSpiR...n9SG"}
2026-06-05T01:33:10.491Z [INFO ] [tracker] → processed {"slot":467218003,"latency":"28ms"}
2026-06-05T01:33:10.508Z [  OK ] [tracker] → confirmed {"slot":467218003,"latency":"18ms","delta_processed_confirmed":"18ms"}
2026-06-05T01:33:23.495Z [  OK ] [tracker] → finalized {"slot":467218003,"latency":"12987ms"}
2026-06-05T01:33:26.514Z [WARN ] [tip-oracle] No live fee data available — using conservative floor values. This is normal on quiet devnet periods.
2026-06-05T01:33:26.722Z [  AI ] [agent] Tip decision {"tip":2000,"confidence":"0.80","reasoning":"Using p50 as baseline due to normal network conditions and no previous submission context."}
2026-06-05T01:33:26.727Z [INFO ] [stack] Bundle built {"blockhash":"Fo5nJctSLpm6…","tip":2000,"tipAcct":"ADaUMid9...aS49"}
2026-06-05T01:33:27.493Z [  OK ] [stack] Real devnet tx confirmed {"sig":"svkXGbqP...2Jc3"}
2026-06-05T01:33:27.494Z [INFO ] [submitter] Sending bundle to Jito block engine {"tip":2000,"sig":"VWSwIeFw...Ag==","slot":0}
2026-06-05T01:33:27.517Z [ERROR] [submitter] Bundle submission threw {"failure":"UNKNOWN","message":"getaddrinfo ENOTFOUND devnet.block-engine.jito.wtf"}
2026-06-05T01:33:27.517Z [INFO ] [tracker] Tracking lifecycle {"sig":"svkXGbqP...2Jc3"}
2026-06-05T01:33:27.527Z [INFO ] [tracker] → processed {"slot":467218047,"latency":"33ms"}
2026-06-05T01:33:27.544Z [  OK ] [tracker] → confirmed {"slot":467218047,"latency":"17ms","delta_processed_confirmed":"17ms"}
2026-06-05T01:33:39.763Z [  OK ] [tracker] → finalized {"slot":467218047,"latency":"12219ms"}
2026-06-05T01:33:39.765Z [INFO ] Total runs:  10
2026-06-05T01:33:39.765Z [  OK ]   Confirmed: 10
2026-06-05T01:33:39.765Z [ERROR]   Failed:    0
2026-06-05T01:33:39.765Z [INFO ]   Avg tip:   2000 lamports
