2026-06-05T00:05:56.506Z [INFO ] Loading wallet…
2026-06-05T00:05:56.557Z [INFO ] Wallet loaded: F3zJDCAaxvuF31spte7wmvL1odaKzAR9dJbpnbSfRxsW
2026-06-05T00:05:56.642Z [INFO ] [stack] Network: devnet
2026-06-05T00:05:56.642Z [INFO ] [stack] Payer:   F3zJDCAaxvuF...RxsW
2026-06-05T00:05:56.643Z [INFO ] [poller] Starting RPC slot polling (Yellowstone fallback)
2026-06-05T00:05:58.164Z [WARN ] [tip-oracle] No live fee data available — using conservative floor values. This is normal on quiet devnet periods.
2026-06-05T00:05:58.400Z [  AI ] [agent] Tip decision {"tip":5000,"confidence":"0.80","reasoning":"Network is congested, so using p75 as the baseline tip."}
2026-06-05T00:05:58.421Z [INFO ] [stack] Bundle built {"blockhash":"5C3BtE1bAc3G…","tip":5000,"tipAcct":"Cw8CFyM9...vLkY"}
2026-06-05T00:05:59.060Z [  OK ] [stack] Real devnet tx confirmed {"sig":"5F1Qh9Vj...s2st"}
2026-06-05T00:05:59.061Z [INFO ] [submitter] Sending bundle to Jito block engine {"tip":5000,"sig":"GmOgEEs9...AQ==","slot":467204169}
2026-06-05T00:05:59.423Z [ERROR] [submitter] Bundle submission threw {"failure":"UNKNOWN","message":"getaddrinfo ENOTFOUND devnet.block-engine.jito.wtf"}
2026-06-05T00:05:59.423Z [INFO ] [tracker] Tracking lifecycle {"sig":"5F1Qh9Vj...s2st"}
2026-06-05T00:05:59.436Z [INFO ] [tracker] → processed {"slot":467204172,"latency":"375ms"}
2026-06-05T00:05:59.456Z [  OK ] [tracker] → confirmed {"slot":467204172,"latency":"20ms","delta_processed_confirmed":"20ms"}
2026-06-05T00:06:10.811Z [  OK ] [tracker] → finalized {"slot":467204172,"latency":"11355ms"}
2026-06-05T00:06:13.827Z [WARN ] [tip-oracle] No live fee data available — using conservative floor values. This is normal on quiet devnet periods.
2026-06-05T00:06:14.037Z [  AI ] [agent] Tip decision {"tip":5000,"confidence":"0.80","reasoning":"Network is congested, so using p75 as the baseline tip."}
2026-06-05T00:06:14.046Z [INFO ] [stack] Bundle built {"blockhash":"5C3BtE1bAc3G…","tip":5000,"tipAcct":"Cw8CFyM9...vLkY"}
2026-06-05T00:06:14.589Z [  OK ] [stack] Real devnet tx confirmed {"sig":"3iSXXHPY...nySM"}
2026-06-05T00:06:14.590Z [INFO ] [submitter] Sending bundle to Jito block engine {"tip":5000,"sig":"GmOgEEs9...AQ==","slot":467204211}
2026-06-05T00:06:14.647Z [ERROR] [submitter] Bundle submission threw {"failure":"UNKNOWN","message":"getaddrinfo ENOTFOUND devnet.block-engine.jito.wtf"}
2026-06-05T00:06:14.647Z [INFO ] [tracker] Tracking lifecycle {"sig":"3iSXXHPY...nySM"}
2026-06-05T00:06:14.656Z [INFO ] [tracker] → processed {"slot":467204214,"latency":"66ms"}
2026-06-05T00:06:14.675Z [  OK ] [tracker] → confirmed {"slot":467204214,"latency":"19ms","delta_processed_confirmed":"19ms"}
2026-06-05T00:06:26.857Z [  OK ] [tracker] → finalized {"slot":467204214,"latency":"12182ms"}
2026-06-05T00:06:29.876Z [WARN ] [tip-oracle] No live fee data available — using conservative floor values. This is normal on quiet devnet periods.
2026-06-05T00:06:30.123Z [  AI ] [agent] Tip decision {"tip":5000,"confidence":"0.80","reasoning":"Network is congested, so using p75 as the tip to ensure bundle priority."}
2026-06-05T00:06:30.131Z [INFO ] [stack] Bundle built {"blockhash":"5C3BtE1bAc3G…","tip":5000,"tipAcct":"96gYZGLn...rZU5"}
2026-06-05T00:06:30.720Z [  OK ] [stack] Real devnet tx confirmed {"sig":"67DkaoL4...PSH9"}
2026-06-05T00:06:30.720Z [INFO ] [submitter] Sending bundle to Jito block engine {"tip":5000,"sig":"5fp0bj+s...Bw==","slot":467204253}
2026-06-05T00:06:30.774Z [ERROR] [submitter] Bundle submission threw {"failure":"UNKNOWN","message":"getaddrinfo ENOTFOUND devnet.block-engine.jito.wtf"}
2026-06-05T00:06:30.774Z [INFO ] [tracker] Tracking lifecycle {"sig":"67DkaoL4...PSH9"}
2026-06-05T00:06:30.783Z [INFO ] [tracker] → processed {"slot":467204256,"latency":"63ms"}
2026-06-05T00:06:30.802Z [  OK ] [tracker] → confirmed {"slot":467204256,"latency":"19ms","delta_processed_confirmed":"19ms"}
2026-06-05T00:06:42.965Z [  OK ] [tracker] → finalized {"slot":467204256,"latency":"12163ms"}
2026-06-05T00:06:45.980Z [WARN ] [tip-oracle] No live fee data available — using conservative floor values. This is normal on quiet devnet periods.
2026-06-05T00:06:46.225Z [  AI ] [agent] Tip decision {"tip":5000,"confidence":"0.80","reasoning":"Network is congested, so using p75 as the baseline tip to ensure bundle priority."}
2026-06-05T00:06:46.239Z [INFO ] [stack] Bundle built {"blockhash":"5gyGNtHMkybM…","tip":5000,"tipAcct":"96gYZGLn...rZU5"}
2026-06-05T00:06:47.151Z [  OK ] [stack] Real devnet tx confirmed {"sig":"5Hy93h84...jRLi"}
2026-06-05T00:06:47.152Z [INFO ] [submitter] Sending bundle to Jito block engine {"tip":5000,"sig":"nHWau4B2...DQ==","slot":467204296}
2026-06-05T00:06:47.372Z [ERROR] [submitter] Bundle submission threw {"failure":"UNKNOWN","message":"getaddrinfo ENOTFOUND devnet.block-engine.jito.wtf"}
2026-06-05T00:06:47.373Z [INFO ] [tracker] Tracking lifecycle {"sig":"5Hy93h84...jRLi"}
2026-06-05T00:06:47.386Z [INFO ] [tracker] → processed {"slot":467204300,"latency":"234ms"}
2026-06-05T00:06:47.405Z [  OK ] [tracker] → confirmed {"slot":467204300,"latency":"19ms","delta_processed_confirmed":"19ms"}
2026-06-05T00:06:59.606Z [  OK ] [tracker] → finalized {"slot":467204300,"latency":"12201ms"}
2026-06-05T00:07:02.620Z [WARN ] [tip-oracle] No live fee data available — using conservative floor values. This is normal on quiet devnet periods.
2026-06-05T00:07:02.821Z [  AI ] [agent] Tip decision {"tip":5000,"confidence":"0.80","reasoning":"Network is congested, so using p75 as the baseline tip."}
2026-06-05T00:07:02.826Z [INFO ] [stack] Bundle built {"blockhash":"5gyGNtHMkybM…","tip":5000,"tipAcct":"HFqU5x63...7gRe"}
2026-06-05T00:07:03.282Z [  OK ] [stack] Real devnet tx confirmed {"sig":"4oKYLuh2...iLV6"}
2026-06-05T00:07:03.282Z [INFO ] [submitter] Sending bundle to Jito block engine {"tip":5000,"sig":"vViDGyMc...BQ==","slot":467204341}
2026-06-05T00:07:03.566Z [ERROR] [submitter] Bundle submission threw {"failure":"UNKNOWN","message":"getaddrinfo ENOTFOUND devnet.block-engine.jito.wtf"}
2026-06-05T00:07:03.567Z [INFO ] [tracker] Tracking lifecycle {"sig":"4oKYLuh2...iLV6"}
2026-06-05T00:07:03.576Z [INFO ] [tracker] → processed {"slot":467204343,"latency":"294ms"}
2026-06-05T00:07:03.593Z [  OK ] [tracker] → confirmed {"slot":467204343,"latency":"17ms","delta_processed_confirmed":"17ms"}
2026-06-05T00:07:15.772Z [  OK ] [tracker] → finalized {"slot":467204343,"latency":"12179ms"}
2026-06-05T00:07:18.786Z [WARN ] [tip-oracle] No live fee data available — using conservative floor values. This is normal on quiet devnet periods.
2026-06-05T00:07:19.004Z [  AI ] [agent] Tip decision {"tip":5000,"confidence":"0.80","reasoning":"Network is congested, so using p75 as the baseline tip."}
2026-06-05T00:07:19.010Z [INFO ] [stack] Bundle built {"blockhash":"5gyGNtHMkybM…","tip":5000,"tipAcct":"96gYZGLn...rZU5"}
2026-06-05T00:07:19.513Z [  OK ] [stack] Real devnet tx confirmed {"sig":"553otV95...Bxuo"}
2026-06-05T00:07:19.513Z [INFO ] [submitter] Sending bundle to Jito block engine {"tip":5000,"sig":"nHWau4B2...DQ==","slot":467204383}
2026-06-05T00:07:19.638Z [ERROR] [submitter] Bundle submission threw {"failure":"UNKNOWN","message":"getaddrinfo ENOTFOUND devnet.block-engine.jito.wtf"}
2026-06-05T00:07:19.638Z [INFO ] [tracker] Tracking lifecycle {"sig":"553otV95...Bxuo"}
2026-06-05T00:07:19.647Z [INFO ] [tracker] → processed {"slot":467204386,"latency":"134ms"}
2026-06-05T00:07:19.665Z [  OK ] [tracker] → confirmed {"slot":467204386,"latency":"18ms","delta_processed_confirmed":"18ms"}
2026-06-05T00:07:31.847Z [  OK ] [tracker] → finalized {"slot":467204386,"latency":"12182ms"}
2026-06-05T00:07:34.889Z [WARN ] [tip-oracle] No live fee data available — using conservative floor values. This is normal on quiet devnet periods.
2026-06-05T00:07:35.089Z [  AI ] [agent] Tip decision {"tip":5000,"confidence":"0.80","reasoning":"Network is congested, so using p75 as the baseline tip."}
2026-06-05T00:07:35.103Z [INFO ] [stack] Bundle built {"blockhash":"Fprk3mq4AE52…","tip":5000,"tipAcct":"96gYZGLn...rZU5"}
2026-06-05T00:07:35.642Z [  OK ] [stack] Real devnet tx confirmed {"sig":"bxSXkwve...jUE3"}
2026-06-05T00:07:35.643Z [INFO ] [submitter] Sending bundle to Jito block engine {"tip":5000,"sig":"z2LLO73v...AA==","slot":467204425}
2026-06-05T00:07:35.672Z [ERROR] [submitter] Bundle submission threw {"failure":"UNKNOWN","message":"getaddrinfo ENOTFOUND devnet.block-engine.jito.wtf"}
2026-06-05T00:07:35.672Z [INFO ] [tracker] Tracking lifecycle {"sig":"bxSXkwve...jUE3"}
2026-06-05T00:07:35.681Z [INFO ] [tracker] → processed {"slot":467204428,"latency":"39ms"}
2026-06-05T00:07:35.699Z [  OK ] [tracker] → confirmed {"slot":467204428,"latency":"18ms","delta_processed_confirmed":"18ms"}
2026-06-05T00:07:47.855Z [  OK ] [tracker] → finalized {"slot":467204428,"latency":"12156ms"}
2026-06-05T00:07:50.868Z [WARN ] [tip-oracle] No live fee data available — using conservative floor values. This is normal on quiet devnet periods.
2026-06-05T00:07:51.047Z [  AI ] [agent] Tip decision {"tip":5000,"confidence":"0.80","reasoning":"Network is congested, using p75 as the baseline tip."}
2026-06-05T00:07:51.052Z [INFO ] [stack] Bundle built {"blockhash":"Fprk3mq4AE52…","tip":5000,"tipAcct":"HFqU5x63...7gRe"}
2026-06-05T00:07:51.673Z [  OK ] [stack] Real devnet tx confirmed {"sig":"4yVHiL9G...7pb8"}
2026-06-05T00:07:51.674Z [INFO ] [submitter] Sending bundle to Jito block engine {"tip":5000,"sig":"79JiU9Hn...Bg==","slot":467204468}
2026-06-05T00:07:51.800Z [ERROR] [submitter] Bundle submission threw {"failure":"UNKNOWN","message":"getaddrinfo ENOTFOUND devnet.block-engine.jito.wtf"}
2026-06-05T00:07:51.800Z [INFO ] [tracker] Tracking lifecycle {"sig":"4yVHiL9G...7pb8"}
2026-06-05T00:07:51.833Z [INFO ] [tracker] → processed {"slot":467204471,"latency":"159ms"}
2026-06-05T00:07:51.851Z [  OK ] [tracker] → confirmed {"slot":467204471,"latency":"18ms","delta_processed_confirmed":"18ms"}
2026-06-05T00:08:04.004Z [  OK ] [tracker] → finalized {"slot":467204471,"latency":"12153ms"}
2026-06-05T00:08:07.016Z [WARN ] [tip-oracle] No live fee data available — using conservative floor values. This is normal on quiet devnet periods.
2026-06-05T00:08:07.207Z [  AI ] [agent] Tip decision {"tip":5000,"confidence":"0.80","reasoning":"Network is congested, so using p75 as the baseline tip."}
2026-06-05T00:08:07.212Z [INFO ] [stack] Bundle built {"blockhash":"Fprk3mq4AE52…","tip":5000,"tipAcct":"ADaUMid9...aS49"}
2026-06-05T00:08:08.002Z [  OK ] [stack] Real devnet tx confirmed {"sig":"2iNUPFA9...1esW"}
2026-06-05T00:08:08.003Z [INFO ] [submitter] Sending bundle to Jito block engine {"tip":5000,"sig":"fzuyZDcX...Aw==","slot":467204511}
2026-06-05T00:08:08.027Z [ERROR] [submitter] Bundle submission threw {"failure":"UNKNOWN","message":"getaddrinfo ENOTFOUND devnet.block-engine.jito.wtf"}
2026-06-05T00:08:08.027Z [INFO ] [tracker] Tracking lifecycle {"sig":"2iNUPFA9...1esW"}
2026-06-05T00:08:08.037Z [INFO ] [tracker] → processed {"slot":467204515,"latency":"35ms"}
2026-06-05T00:08:08.054Z [  OK ] [tracker] → confirmed {"slot":467204515,"latency":"17ms","delta_processed_confirmed":"17ms"}
2026-06-05T00:08:20.280Z [  OK ] [tracker] → finalized {"slot":467204515,"latency":"12226ms"}
2026-06-05T00:08:23.293Z [WARN ] [tip-oracle] No live fee data available — using conservative floor values. This is normal on quiet devnet periods.
2026-06-05T00:08:23.561Z [  AI ] [agent] Tip decision {"tip":5000,"confidence":"0.80","reasoning":"The network is congested, so using p75 as the tip to ensure bundle priority."}
2026-06-05T00:08:23.574Z [INFO ] [stack] Bundle built {"blockhash":"4gfnDrnBEPji…","tip":5000,"tipAcct":"HFqU5x63...7gRe"}
2026-06-05T00:08:24.132Z [  OK ] [stack] Real devnet tx confirmed {"sig":"5Di41vRK...g7yp"}
2026-06-05T00:08:24.133Z [INFO ] [submitter] Sending bundle to Jito block engine {"tip":5000,"sig":"Xw8sgAXc...AA==","slot":467204555}
2026-06-05T00:08:24.435Z [ERROR] [submitter] Bundle submission threw {"failure":"UNKNOWN","message":"getaddrinfo ENOTFOUND devnet.block-engine.jito.wtf"}
2026-06-05T00:08:24.436Z [INFO ] [tracker] Tracking lifecycle {"sig":"5Di41vRK...g7yp"}
2026-06-05T00:08:24.445Z [INFO ] [tracker] → processed {"slot":467204557,"latency":"312ms"}
2026-06-05T00:08:24.462Z [  OK ] [tracker] → confirmed {"slot":467204557,"latency":"17ms","delta_processed_confirmed":"17ms"}
2026-06-05T00:08:36.619Z [  OK ] [tracker] → finalized {"slot":467204557,"latency":"12157ms"}
2026-06-05T00:08:36.620Z [INFO ] Total runs:  10
2026-06-05T00:08:36.620Z [  OK ]   Confirmed: 10
2026-06-05T00:08:36.621Z [ERROR]   Failed:    0
2026-06-05T00:08:36.621Z [INFO ]   Avg tip:   5000 lamports
